shared/build/intermediates/manifest_merge_blame_file/debug/manifest-merger-blame-debug-report.txt
1<?xml version="1.0" encoding="utf-8"?>
2<manifest xmlns:android="http://schemas.android.com/apk/res/android"
3    package="com.infolitz.commwithc.shared" >
4
5    <uses-sdk
6        android:minSdkVersion="28"
6-->src\main\AndroidManifest.xml
7        android:targetSdkVersion="32" />
7-->src\main\AndroidManifest.xml
8    <!-- Before Android 12 (but still needed location, even if not requested) -->
9    <uses-permission android:name="android.permission.ACCESS_COARSE_LOCATION" />
9-->src\main\AndroidManifest.xml:5:5-81
9-->src\main\AndroidManifest.xml:5:22-78
10    <uses-permission android:name="android.permission.ACCESS_FINE_LOCATION" />
10-->src\main\AndroidManifest.xml:6:5-79
10-->src\main\AndroidManifest.xml:6:22-76
11    <uses-permission
11-->src\main\AndroidManifest.xml:7:5-9:38
12        android:name="android.permission.BLUETOOTH"
12-->src\main\AndroidManifest.xml:8:9-52
13        android:maxSdkVersion="30" />
13-->src\main\AndroidManifest.xml:9:9-35
14    <uses-permission
14-->src\main\AndroidManifest.xml:10:5-12:38
15        android:name="android.permission.BLUETOOTH_ADMIN"
15-->src\main\AndroidManifest.xml:11:9-58
16        android:maxSdkVersion="30" /> <!-- From Android 12 -->
16-->src\main\AndroidManifest.xml:12:9-35
17    <uses-permission
17-->src\main\AndroidManifest.xml:13:5-15:58
18        android:name="android.permission.BLUETOOTH_SCAN"
18-->src\main\AndroidManifest.xml:14:9-57
19        android:usesPermissionFlags="neverForLocation" />
19-->src\main\AndroidManifest.xml:15:9-55
20    <uses-permission android:name="android.permission.BLUETOOTH_CONNECT" />
20-->src\main\AndroidManifest.xml:16:5-76
20-->src\main\AndroidManifest.xml:16:22-73
21    <uses-permission android:name="com.google.android.things.permission.USE_PERIPHERAL_IO" />
21-->src\main\AndroidManifest.xml:17:5-94
21-->src\main\AndroidManifest.xml:17:22-91
22    <uses-permission android:name="com.google.android.things.permission.MANAGE_INPUT_DRIVERS" />
22-->src\main\AndroidManifest.xml:18:5-97
22-->src\main\AndroidManifest.xml:18:22-94
23
24    <application android:appCategory="audio" >
24-->src\main\AndroidManifest.xml:20:5-49:19
24-->src\main\AndroidManifest.xml:20:18-45
25        <activity
25-->src\main\AndroidManifest.xml:21:9-23:40
26            android:name="com.infolitz.commwithc.shared.SpeedRpmActivity"
26-->src\main\AndroidManifest.xml:22:13-45
27            android:exported="false" />
27-->src\main\AndroidManifest.xml:23:13-37
28        <activity
28-->src\main\AndroidManifest.xml:24:9-26:40
29            android:name="com.infolitz.commwithc.shared.BluetoothActivity"
29-->src\main\AndroidManifest.xml:25:13-46
30            android:exported="false" />
30-->src\main\AndroidManifest.xml:26:13-37
31        <activity
31-->src\main\AndroidManifest.xml:27:9-29:40
32            android:name="com.infolitz.commwithc.shared.SpeedometerActivity"
32-->src\main\AndroidManifest.xml:28:13-48
33            android:exported="false" />
33-->src\main\AndroidManifest.xml:29:13-37
34        <activity
34-->src\main\AndroidManifest.xml:30:9-32:40
35            android:name="com.infolitz.commwithc.shared.CommunicateWithC"
35-->src\main\AndroidManifest.xml:31:13-45
36            android:exported="false" />
36-->src\main\AndroidManifest.xml:32:13-37
37
38        <meta-data
38-->src\main\AndroidManifest.xml:34:9-36:59
39            android:name="com.google.android.gms.car.application"
39-->src\main\AndroidManifest.xml:35:13-66
40            android:resource="@xml/automotive_app_desc" />
40-->src\main\AndroidManifest.xml:36:13-56
41        <!--
42 Main music service, provides media browsing and media playback services to
43         consumers through MediaBrowserService and MediaSession. Consumers connect to it through
44         MediaBrowser (for browsing) and MediaController (for playback control)
45        -->
46        <service
46-->src\main\AndroidManifest.xml:42:9-48:19
47            android:name="com.infolitz.commwithc.shared.MyMusicService"
47-->src\main\AndroidManifest.xml:43:13-43
48            android:exported="true" >
48-->src\main\AndroidManifest.xml:44:13-36
49            <intent-filter>
49-->src\main\AndroidManifest.xml:45:13-47:29
50                <action android:name="android.media.browse.MediaBrowserService" />
50-->src\main\AndroidManifest.xml:46:17-83
50-->src\main\AndroidManifest.xml:46:25-80
51            </intent-filter>
52        </service>
53    </application>
54
55</manifest>